rm -f gifenc.o lenia.o main.o orbium.o lenia.out
mpicc -O3 -Wall  -c -o gifenc.o src/gifenc.c
mpicc -O3 -Wall  -c -o lenia.o src/lenia.c
mpicc -O3 -Wall  -c -o main.o src/main.c
mpicc -O3 -Wall  -c -o orbium.o src/orbium.c
mpicc -O3 -Wall gifenc.o lenia.o main.o orbium.o -o lenia.out  -lm
==========================================
Lenia MPI meritve
==========================================
Program:              2_new_mpi
Grid sizes:           2048 4096
Process counts:       1 2 4
Steps:                100
Runs per config:      1
Max allocated procs:  32
Results dir:          results/2_new_mpi
==========================================

==========================================
Meritev: N=2048x2048, P=1, steps=100
==========================================
 Zagon 1/1
 --> Čas: 255.236507 s
 -------------------------------------------------
 Povprečje za N=2048  P=1   = 255.236507 s
 Minimum   za N=2048  P=1   = 255.236507 s
 Maksimum  za N=2048  P=1   = 255.236507 s
 -------------------------------------------------

==========================================
Meritev: N=2048x2048, P=2, steps=100
==========================================
 Zagon 1/1
 --> Čas: 127.848720 s
 -------------------------------------------------
 Povprečje za N=2048  P=2   = 127.848720 s
 Minimum   za N=2048  P=2   = 127.848720 s
 Maksimum  za N=2048  P=2   = 127.848720 s
 -------------------------------------------------

==========================================
Meritev: N=2048x2048, P=4, steps=100
==========================================
 Zagon 1/1
 --> Čas: 64.297491 s
 -------------------------------------------------
 Povprečje za N=2048  P=4   = 64.297491 s
 Minimum   za N=2048  P=4   = 64.297491 s
 Maksimum  za N=2048  P=4   = 64.297491 s
 -------------------------------------------------

==========================================
Meritev: N=4096x4096, P=1, steps=100
==========================================
 Zagon 1/1
 --> Čas: 1357.757949 s
 -------------------------------------------------
 Povprečje za N=4096  P=1   = 1357.757949 s
 Minimum   za N=4096  P=1   = 1357.757949 s
 Maksimum  za N=4096  P=1   = 1357.757949 s
 -------------------------------------------------

==========================================
Meritev: N=4096x4096, P=2, steps=100
==========================================
 Zagon 1/1
 --> Čas: 680.813060 s
 -------------------------------------------------
 Povprečje za N=4096  P=2   = 680.813060 s
 Minimum   za N=4096  P=2   = 680.813060 s
 Maksimum  za N=4096  P=2   = 680.813060 s
 -------------------------------------------------

==========================================
Meritev: N=4096x4096, P=4, steps=100
==========================================
 Zagon 1/1
 --> Čas: 335.383286 s
 -------------------------------------------------
 Povprečje za N=4096  P=4   = 335.383286 s
 Minimum   za N=4096  P=4   = 335.383286 s
 Maksimum  za N=4096  P=4   = 335.383286 s
 -------------------------------------------------

==========================================
Vse meritve so končane.
Vsi zagoni:  results/2_new_mpi/2_new_mpi_all_runs.csv
Povzetek:    results/2_new_mpi/2_new_mpi_summary.csv
==========================================
